<?xml version="1.0" encoding="UTF-8"?>
<!-- Generated by org.testng.reporters.JUnitReportReporter -->
<testsuite hostname="DESKTOP-T2B4Q0J" name="leadstests.TC002_EditLead" tests="1" failures="0" timestamp="3 Sep 2017 11:18:13 GMT" time="29.145" errors="0">
  <testcase name="createLead" time="29.145" classname="leadstests.TC002_EditLead"/>
</testsuite> <!-- leadstests.TC002_EditLead -->
