<?xml version="1.0" encoding="UTF-8"?>
<!-- Generated by org.testng.reporters.JUnitReportReporter -->
<testsuite hostname="DESKTOP-T2B4Q0J" name="leadstests.TC003_DeleteLead" tests="1" failures="0" timestamp="26 Aug 2017 05:51:43 GMT" time="34.705" errors="0">
  <testcase name="DeleteLead" time="34.705" classname="leadstests.TC003_DeleteLead"/>
</testsuite> <!-- leadstests.TC003_DeleteLead -->
