<?xml version="1.0" encoding="UTF-8"?>
<!-- Generated by org.testng.reporters.JUnitReportReporter -->
<testsuite hostname="DESKTOP-T2B4Q0J" name="leadstests.TC002_EditLead"
	tests="1" failures="0" timestamp="15 Sep 2017 16:56:27 GMT" time="30.054"
	errors="0">
	<testcase name="createLead" time="30.054" classname="leadstests.TC002_EditLead" />
</testsuite> <!-- leadstests.TC002_EditLead -->
