<?xml version="1.0" encoding="UTF-8"?>
<!-- Generated by org.testng.reporters.JUnitReportReporter -->
<testsuite hostname="DESKTOP-T2B4Q0J" name="tests_Leads.EditLead"
	tests="1" failures="0" timestamp="25 Aug 2017 18:00:04 GMT" time="0.001"
	errors="1">
	<testcase name="login" time="0.001" classname="tests_Leads.EditLead">
		<error type="java.lang.StackOverflowError">
      <![CDATA[java.lang.StackOverflowError
	at java.security.AccessController.doPrivileged(Native Method)
	at java.net.URLClassLoader.findClass(Unknown Source)
	at java.lang.ClassLoader.loadClass(Unknown Source)
	at java.lang.ClassLoader.loadClass(Unknown Source)
	at sun.misc.Launcher$AppClassLoader.loadClass(Unknown Source)
	at java.lang.ClassLoader.loadClass(Unknown Source)
	at org.openqa.selenium.remote.service.DriverCommandExecutor.execute(DriverCommandExecutor.java:84)
	at org.openqa.selenium.remote.RemoteWebDriver.execute(RemoteWebDriver.java:637)
	at org.openqa.selenium.remote.RemoteWebDriver.execute(RemoteWebDriver.java:694)
	at org.openqa.selenium.remote.RemoteWebDriver.getScreenshotAs(RemoteWebDriver.java:382)
	at wrappers.GenericWrappers.takeSnap(GenericWrappers.java:575)
	at utils.Reporter.reportStep(Reporter.java:20)
	at wrappers.GenericWrappers.takeSnap(GenericWrappers.java:577)
	at utils.Reporter.reportStep(Reporter.java:20)
	at wrappers.GenericWrappers.takeSnap(GenericWrappers.java:577)
	at utils.Reporter.reportStep(Reporter.java:20)
	at wrappers.GenericWrappers.takeSnap(GenericWrappers.java:577)
	at utils.Reporter.reportStep(Reporter.java:20)
	at wrappers.GenericWrappers.takeSnap(GenericWrappers.java:577)
	at utils.Reporter.reportStep(Reporter.java:20)
	at wrappers.GenericWrappers.takeSnap(GenericWrappers.java:577)
	at utils.Reporter.reportStep(Reporter.java:20)
	at wrappers.GenericWrappers.takeSnap(GenericWrappers.java:577)
	at utils.Reporter.reportStep(Reporter.java:20)
	at wrappers.GenericWrappers.takeSnap(GenericWrappers.java:577)
	at utils.Reporter.reportStep(Reporter.java:20)
	at wrappers.GenericWrappers.takeSnap(GenericWrappers.java:577)
	at utils.Reporter.reportStep(Reporter.java:20)
	at wrappers.GenericWrappers.takeSnap(GenericWrappers.java:577)
	at utils.Reporter.reportStep(Reporter.java:20)
	at wrappers.GenericWrappers.takeSnap(GenericWrappers.java:577)
	at utils.Reporter.reportStep(Reporter.java:20)
	at wrappers.GenericWrappers.takeSnap(GenericWrappers.java:577)
	at utils.Reporter.reportStep(Reporter.java:20)
	at wrappers.GenericWrappers.takeSnap(GenericWrappers.java:577)
	at utils.Reporter.reportStep(Reporter.java:20)
	at wrappers.GenericWrappers.takeSnap(GenericWrappers.java:577)
	at utils.Reporter.reportStep(Reporter.java:20)
	at wrappers.GenericWrappers.takeSnap(GenericWrappers.java:577)
	at utils.Reporter.reportStep(Reporter.java:20)
	at wrappers.GenericWrappers.takeSnap(GenericWrappers.java:577)
	at utils.Reporter.reportStep(Reporter.java:20)
	at wrappers.GenericWrappers.takeSnap(GenericWrappers.java:577)
	at utils.Reporter.reportStep(Reporter.java:20)
	at wrappers.GenericWrappers.takeSnap(GenericWrappers.java:577)
	at utils.Reporter.reportStep(Reporter.java:20)
	at wrappers.GenericWrappers.takeSnap(GenericWrappers.java:577)
	at utils.Reporter.reportStep(Reporter.java:20)
	at wrappers.GenericWrappers.takeSnap(GenericWrappers.java:577)
	at utils.Reporter.reportStep(Reporter.java:20)
	at wrappers.GenericWrappers.takeSnap(GenericWrappers.java:577)
	at utils.Reporter.reportStep(Reporter.java:20)
	at wrappers.GenericWrappers.takeSnap(GenericWrappers.java:577)
	at utils.Reporter.reportStep(Reporter.java:20)
	at wrappers.GenericWrappers.takeSnap(GenericWrappers.java:577)
	at utils.Reporter.reportStep(Reporter.java:20)
	at wrappers.GenericWrappers.takeSnap(GenericWrappers.java:577)
	at utils.Reporter.reportStep(Reporter.java:20)
	at wrappers.GenericWrappers.takeSnap(GenericWrappers.java:577)
	at utils.Reporter.reportStep(Reporter.java:20)
	at wrappers.GenericWrappers.takeSnap(GenericWrappers.java:577)
	at utils.Reporter.reportStep(Reporter.java:20)
	at wrappers.GenericWrappers.takeSnap(GenericWrappers.java:577)
	at utils.Reporter.reportStep(Reporter.java:20)
	at wrappers.GenericWrappers.takeSnap(GenericWrappers.java:577)
	at utils.Reporter.reportStep(Reporter.java:20)
	at wrappers.GenericWrappers.takeSnap(GenericWrappers.java:577)
	at utils.Reporter.reportStep(Reporter.java:20)
	at wrappers.GenericWrappers.takeSnap(GenericWrappers.java:577)
	at utils.Reporter.reportStep(Reporter.java:20)
	at wrappers.GenericWrappers.takeSnap(GenericWrappers.java:577)
	at utils.Reporter.reportStep(Reporter.java:20)
	at wrappers.GenericWrappers.takeSnap(GenericWrappers.java:577)
	at utils.Reporter.reportStep(Reporter.java:20)
	at wrappers.GenericWrappers.takeSnap(GenericWrappers.java:577)
	at utils.Reporter.reportStep(Reporter.java:20)
	at wrappers.GenericWrappers.takeSnap(GenericWrappers.java:577)
	at utils.Reporter.reportStep(Reporter.java:20)
	at wrappers.GenericWrappers.takeSnap(GenericWrappers.java:577)
	at utils.Reporter.reportStep(Reporter.java:20)
	at wrappers.GenericWrappers.takeSnap(GenericWrappers.java:577)
	at utils.Reporter.reportStep(Reporter.java:20)
	at wrappers.GenericWrappers.takeSnap(GenericWrappers.java:577)
	at utils.Reporter.reportStep(Reporter.java:20)
	at wrappers.GenericWrappers.takeSnap(GenericWrappers.java:577)
	at utils.Reporter.reportStep(Reporter.java:20)
	at wrappers.GenericWrappers.takeSnap(GenericWrappers.java:577)
	at utils.Reporter.reportStep(Reporter.java:20)
	at wrappers.GenericWrappers.takeSnap(GenericWrappers.java:577)
	at utils.Reporter.reportStep(Reporter.java:20)
	at wrappers.GenericWrappers.takeSnap(GenericWrappers.java:577)
	at utils.Reporter.reportStep(Reporter.java:20)
	at wrappers.GenericWrappers.takeSnap(GenericWrappers.java:577)
	at utils.Reporter.reportStep(Reporter.java:20)
	at wrappers.GenericWrappers.takeSnap(GenericWrappers.java:577)
	at utils.Reporter.reportStep(Reporter.java:20)
	at wrappers.GenericWrappers.takeSnap(GenericWrappers.java:577)
	at utils.Reporter.reportStep(Reporter.java:20)
	at wrappers.GenericWrappers.takeSnap(GenericWrappers.java:577)
	at utils.Reporter.reportStep(Reporter.java:20)
	at wrappers.GenericWrappers.takeSnap(GenericWrappers.java:577)
	at utils.Reporter.reportStep(Reporter.java:20)
	at wrappers.GenericWrappers.takeSnap(GenericWrappers.java:577)
	at utils.Reporter.reportStep(Reporter.java:20)
	at wrappers.GenericWrappers.takeSnap(GenericWrappers.java:577)
	at utils.Reporter.reportStep(Reporter.java:20)
	at wrappers.GenericWrappers.takeSnap(GenericWrappers.java:577)
	at utils.Reporter.reportStep(Reporter.java:20)
	at wrappers.GenericWrappers.takeSnap(GenericWrappers.java:577)
	at utils.Reporter.reportStep(Reporter.java:20)
	at wrappers.GenericWrappers.takeSnap(GenericWrappers.java:577)
	at utils.Reporter.reportStep(Reporter.java:20)
	at wrappers.GenericWrappers.takeSnap(GenericWrappers.java:577)
	at utils.Reporter.reportStep(Reporter.java:20)
	at wrappers.GenericWrappers.takeSnap(GenericWrappers.java:577)
	at utils.Reporter.reportStep(Reporter.java:20)
	at wrappers.GenericWrappers.takeSnap(GenericWrappers.java:577)
	at utils.Reporter.reportStep(Reporter.java:20)
	at wrappers.GenericWrappers.takeSnap(GenericWrappers.java:577)
	at utils.Reporter.reportStep(Reporter.java:20)
	at wrappers.GenericWrappers.takeSnap(GenericWrappers.java:577)
	at utils.Reporter.reportStep(Reporter.java:20)
	at wrappers.GenericWrappers.takeSnap(GenericWrappers.java:577)
	at utils.Reporter.reportStep(Reporter.java:20)
	at wrappers.GenericWrappers.takeSnap(GenericWrappers.java:577)
	at utils.Reporter.reportStep(Reporter.java:20)
	at wrappers.GenericWrappers.takeSnap(GenericWrappers.java:577)
	at utils.Reporter.reportStep(Reporter.java:20)
	at wrappers.GenericWrappers.takeSnap(GenericWrappers.java:577)
	at utils.Reporter.reportStep(Reporter.java:20)
	at wrappers.GenericWrappers.takeSnap(GenericWrappers.java:577)
	at utils.Reporter.reportStep(Reporter.java:20)
	at wrappers.GenericWrappers.takeSnap(GenericWrappers.java:577)
	at utils.Reporter.reportStep(Reporter.java:20)
	at wrappers.GenericWrappers.takeSnap(GenericWrappers.java:577)
	at utils.Reporter.reportStep(Reporter.java:20)
	at wrappers.GenericWrappers.takeSnap(GenericWrappers.java:577)
	at utils.Reporter.reportStep(Reporter.java:20)
	at wrappers.GenericWrappers.takeSnap(GenericWrappers.java:577)
	at utils.Reporter.reportStep(Reporter.java:20)
	at wrappers.GenericWrappers.takeSnap(GenericWrappers.java:577)
	at utils.Reporter.reportStep(Reporter.java:20)
	at wrappers.GenericWrappers.takeSnap(GenericWrappers.java:577)
	at utils.Reporter.reportStep(Reporter.java:20)
	at wrappers.GenericWrappers.takeSnap(GenericWrappers.java:577)
	at utils.Reporter.reportStep(Reporter.java:20)
	at wrappers.GenericWrappers.takeSnap(GenericWrappers.java:577)
	at utils.Reporter.reportStep(Reporter.java:20)
	at wrappers.GenericWrappers.takeSnap(GenericWrappers.java:577)
	at utils.Reporter.reportStep(Reporter.java:20)
	at wrappers.GenericWrappers.takeSnap(GenericWrappers.java:577)
	at utils.Reporter.reportStep(Reporter.java:20)
	at wrappers.GenericWrappers.takeSnap(GenericWrappers.java:577)
	at utils.Reporter.reportStep(Reporter.java:20)
	at wrappers.GenericWrappers.takeSnap(GenericWrappers.java:577)
	at utils.Reporter.reportStep(Reporter.java:20)
	at wrappers.GenericWrappers.takeSnap(GenericWrappers.java:577)
	at utils.Reporter.reportStep(Reporter.java:20)
	at wrappers.GenericWrappers.takeSnap(GenericWrappers.java:577)
	at utils.Reporter.reportStep(Reporter.java:20)
	at wrappers.GenericWrappers.takeSnap(GenericWrappers.java:577)
	at utils.Reporter.reportStep(Reporter.java:20)
	at wrappers.GenericWrappers.takeSnap(GenericWrappers.java:577)
	at utils.Reporter.reportStep(Reporter.java:20)
	at wrappers.GenericWrappers.takeSnap(GenericWrappers.java:577)
	at utils.Reporter.reportStep(Reporter.java:20)
	at wrappers.GenericWrappers.takeSnap(GenericWrappers.java:577)
	at utils.Reporter.reportStep(Reporter.java:20)
	at wrappers.GenericWrappers.takeSnap(GenericWrappers.java:577)
	at utils.Reporter.reportStep(Reporter.java:20)
	at wrappers.GenericWrappers.takeSnap(GenericWrappers.java:577)
	at utils.Reporter.reportStep(Reporter.java:20)
	at wrappers.GenericWrappers.takeSnap(GenericWrappers.java:577)
	at utils.Reporter.reportStep(Reporter.java:20)
	at wrappers.GenericWrappers.takeSnap(GenericWrappers.java:577)
	at utils.Reporter.reportStep(Reporter.java:20)
	at wrappers.GenericWrappers.takeSnap(GenericWrappers.java:577)
	at utils.Reporter.reportStep(Reporter.java:20)
	at wrappers.GenericWrappers.takeSnap(GenericWrappers.java:577)
	at utils.Reporter.reportStep(Reporter.java:20)
	at wrappers.GenericWrappers.takeSnap(GenericWrappers.java:577)
	at utils.Reporter.reportStep(Reporter.java:20)
	at wrappers.GenericWrappers.takeSnap(GenericWrappers.java:577)
	at utils.Reporter.reportStep(Reporter.java:20)
	at wrappers.GenericWrappers.takeSnap(GenericWrappers.java:577)
	at utils.Reporter.reportStep(Reporter.java:20)
	at wrappers.GenericWrappers.takeSnap(GenericWrappers.java:577)
	at utils.Reporter.reportStep(Reporter.java:20)
	at wrappers.GenericWrappers.takeSnap(GenericWrappers.java:577)
	at utils.Reporter.reportStep(Reporter.java:20)
	at wrappers.GenericWrappers.takeSnap(GenericWrappers.java:577)
	at utils.Reporter.reportStep(Reporter.java:20)
	at wrappers.GenericWrappers.takeSnap(GenericWrappers.java:577)
	at utils.Reporter.reportStep(Reporter.java:20)
	at wrappers.GenericWrappers.takeSnap(GenericWrappers.java:577)
	at utils.Reporter.reportStep(Reporter.java:20)
	at wrappers.GenericWrappers.takeSnap(GenericWrappers.java:577)
	at utils.Reporter.reportStep(Reporter.java:20)
	at wrappers.GenericWrappers.takeSnap(GenericWrappers.java:577)
	at utils.Reporter.reportStep(Reporter.java:20)
	at wrappers.GenericWrappers.takeSnap(GenericWrappers.java:577)
	at utils.Reporter.reportStep(Reporter.java:20)
	at wrappers.GenericWrappers.takeSnap(GenericWrappers.java:577)
	at utils.Reporter.reportStep(Reporter.java:20)
	at wrappers.GenericWrappers.takeSnap(GenericWrappers.java:577)
	at utils.Reporter.reportStep(Reporter.java:20)
	at wrappers.GenericWrappers.takeSnap(GenericWrappers.java:577)
	at utils.Reporter.reportStep(Reporter.java:20)
	at wrappers.GenericWrappers.takeSnap(GenericWrappers.java:577)
	at utils.Reporter.reportStep(Reporter.java:20)
	at wrappers.GenericWrappers.takeSnap(GenericWrappers.java:577)
	at utils.Reporter.reportStep(Reporter.java:20)
	at wrappers.GenericWrappers.takeSnap(GenericWrappers.java:577)
	at utils.Reporter.reportStep(Reporter.java:20)
	at wrappers.GenericWrappers.takeSnap(GenericWrappers.java:577)
	at utils.Reporter.reportStep(Reporter.java:20)
	at wrappers.GenericWrappers.takeSnap(GenericWrappers.java:577)
	at utils.Reporter.reportStep(Reporter.java:20)
	at wrappers.GenericWrappers.takeSnap(GenericWrappers.java:577)
	at utils.Reporter.reportStep(Reporter.java:20)
	at wrappers.GenericWrappers.takeSnap(GenericWrappers.java:577)
	at utils.Reporter.reportStep(Reporter.java:20)
	at wrappers.GenericWrappers.takeSnap(GenericWrappers.java:577)
	at utils.Reporter.reportStep(Reporter.java:20)
	at wrappers.GenericWrappers.takeSnap(GenericWrappers.java:577)
	at utils.Reporter.reportStep(Reporter.java:20)
	at wrappers.GenericWrappers.takeSnap(GenericWrappers.java:577)
	at utils.Reporter.reportStep(Reporter.java:20)
	at wrappers.GenericWrappers.takeSnap(GenericWrappers.java:577)
	at utils.Reporter.reportStep(Reporter.java:20)
	at wrappers.GenericWrappers.takeSnap(GenericWrappers.java:577)
	at utils.Reporter.reportStep(Reporter.java:20)
	at wrappers.GenericWrappers.takeSnap(GenericWrappers.java:577)
	at utils.Reporter.reportStep(Reporter.java:20)
	at wrappers.GenericWrappers.takeSnap(GenericWrappers.java:577)
	at utils.Reporter.reportStep(Reporter.java:20)
	at wrappers.GenericWrappers.takeSnap(GenericWrappers.java:577)
	at utils.Reporter.reportStep(Reporter.java:20)
	at wrappers.GenericWrappers.takeSnap(GenericWrappers.java:577)
	at utils.Reporter.reportStep(Reporter.java:20)
	at wrappers.GenericWrappers.takeSnap(GenericWrappers.java:577)
	at utils.Reporter.reportStep(Reporter.java:20)
	at wrappers.GenericWrappers.takeSnap(GenericWrappers.java:577)
	at utils.Reporter.reportStep(Reporter.java:20)
	at wrappers.GenericWrappers.takeSnap(GenericWrappers.java:577)
	at utils.Reporter.reportStep(Reporter.java:20)
	at wrappers.GenericWrappers.takeSnap(GenericWrappers.java:577)
	at utils.Reporter.reportStep(Reporter.java:20)
	at wrappers.GenericWrappers.takeSnap(GenericWrappers.java:577)
	at utils.Reporter.reportStep(Reporter.java:20)
	at wrappers.GenericWrappers.takeSnap(GenericWrappers.java:577)
	at utils.Reporter.reportStep(Reporter.java:20)
	at wrappers.GenericWrappers.takeSnap(GenericWrappers.java:577)
	at utils.Reporter.reportStep(Reporter.java:20)
	at wrappers.GenericWrappers.takeSnap(GenericWrappers.java:577)
	at utils.Reporter.reportStep(Reporter.java:20)
	at wrappers.GenericWrappers.takeSnap(GenericWrappers.java:577)
	at utils.Reporter.reportStep(Reporter.java:20)
	at wrappers.GenericWrappers.takeSnap(GenericWrappers.java:577)
	at utils.Reporter.reportStep(Reporter.java:20)
	at wrappers.GenericWrappers.takeSnap(GenericWrappers.java:577)
	at utils.Reporter.reportStep(Reporter.java:20)
	at wrappers.GenericWrappers.takeSnap(GenericWrappers.java:577)
	at utils.Reporter.reportStep(Reporter.java:20)
	at wrappers.GenericWrappers.takeSnap(GenericWrappers.java:577)
	at utils.Reporter.reportStep(Reporter.java:20)
	at wrappers.GenericWrappers.takeSnap(GenericWrappers.java:577)
	at utils.Reporter.reportStep(Reporter.java:20)
	at wrappers.GenericWrappers.takeSnap(GenericWrappers.java:577)
	at utils.Reporter.reportStep(Reporter.java:20)
	at wrappers.GenericWrappers.takeSnap(GenericWrappers.java:577)
	at utils.Reporter.reportStep(Reporter.java:20)
	at wrappers.GenericWrappers.takeSnap(GenericWrappers.java:577)
	at utils.Reporter.reportStep(Reporter.java:20)
	at wrappers.GenericWrappers.takeSnap(GenericWrappers.java:577)
	at utils.Reporter.reportStep(Reporter.java:20)
	at wrappers.GenericWrappers.takeSnap(GenericWrappers.java:577)
	at utils.Reporter.reportStep(Reporter.java:20)
	at wrappers.GenericWrappers.takeSnap(GenericWrappers.java:577)
	at utils.Reporter.reportStep(Reporter.java:20)
	at wrappers.GenericWrappers.takeSnap(GenericWrappers.java:577)
	at utils.Reporter.reportStep(Reporter.java:20)
	at wrappers.GenericWrappers.takeSnap(GenericWrappers.java:577)
	at utils.Reporter.reportStep(Reporter.java:20)
	at wrappers.GenericWrappers.takeSnap(GenericWrappers.java:577)
	at utils.Reporter.reportStep(Reporter.java:20)
	at wrappers.GenericWrappers.takeSnap(GenericWrappers.java:577)
	at utils.Reporter.reportStep(Reporter.java:20)
	at wrappers.GenericWrappers.takeSnap(GenericWrappers.java:577)
	at utils.Reporter.reportStep(Reporter.java:20)
	at wrappers.GenericWrappers.takeSnap(GenericWrappers.java:577)
	at utils.Reporter.reportStep(Reporter.java:20)
	at wrappers.GenericWrappers.takeSnap(GenericWrappers.java:577)
	at utils.Reporter.reportStep(Reporter.java:20)
	at wrappers.GenericWrappers.takeSnap(GenericWrappers.java:577)
	at utils.Reporter.reportStep(Reporter.java:20)
	at wrappers.GenericWrappers.takeSnap(GenericWrappers.java:577)
	at utils.Reporter.reportStep(Reporter.java:20)
	at wrappers.GenericWrappers.takeSnap(GenericWrappers.java:577)
	at utils.Reporter.reportStep(Reporter.java:20)
	at wrappers.GenericWrappers.takeSnap(GenericWrappers.java:577)
	at utils.Reporter.reportStep(Reporter.java:20)
	at wrappers.GenericWrappers.takeSnap(GenericWrappers.java:577)
	at utils.Reporter.reportStep(Reporter.java:20)
	at wrappers.GenericWrappers.takeSnap(GenericWrappers.java:577)
	at utils.Reporter.reportStep(Reporter.java:20)
	at wrappers.GenericWrappers.takeSnap(GenericWrappers.java:577)
	at utils.Reporter.reportStep(Reporter.java:20)
	at wrappers.GenericWrappers.takeSnap(GenericWrappers.java:577)
	at utils.Reporter.reportStep(Reporter.java:20)
	at wrappers.GenericWrappers.takeSnap(GenericWrappers.java:577)
	at utils.Reporter.reportStep(Reporter.java:20)
	at wrappers.GenericWrappers.takeSnap(GenericWrappers.java:577)
	at utils.Reporter.reportStep(Reporter.java:20)
	at wrappers.GenericWrappers.takeSnap(GenericWrappers.java:577)
	at utils.Reporter.reportStep(Reporter.java:20)
	at wrappers.GenericWrappers.takeSnap(GenericWrappers.java:577)
	at utils.Reporter.reportStep(Reporter.java:20)
	at wrappers.GenericWrappers.takeSnap(GenericWrappers.java:577)
	at utils.Reporter.reportStep(Reporter.java:20)
	at wrappers.GenericWrappers.takeSnap(GenericWrappers.java:577)
	at utils.Reporter.reportStep(Reporter.java:20)
	at wrappers.GenericWrappers.takeSnap(GenericWrappers.java:577)
	at utils.Reporter.reportStep(Reporter.java:20)
	at wrappers.GenericWrappers.takeSnap(GenericWrappers.java:577)
	at utils.Reporter.reportStep(Reporter.java:20)
	at wrappers.GenericWrappers.takeSnap(GenericWrappers.java:577)
	at utils.Reporter.reportStep(Reporter.java:20)
	at wrappers.GenericWrappers.takeSnap(GenericWrappers.java:577)
	at utils.Reporter.reportStep(Reporter.java:20)
	at wrappers.GenericWrappers.takeSnap(GenericWrappers.java:577)
	at utils.Reporter.reportStep(Reporter.java:20)
	at wrappers.GenericWrappers.takeSnap(GenericWrappers.java:577)
	at utils.Reporter.reportStep(Reporter.java:20)
	at wrappers.GenericWrappers.takeSnap(GenericWrappers.java:577)
	at utils.Reporter.reportStep(Reporter.java:20)
	at wrappers.GenericWrappers.takeSnap(GenericWrappers.java:577)
	at utils.Reporter.reportStep(Reporter.java:20)
	at wrappers.GenericWrappers.takeSnap(GenericWrappers.java:577)
	at utils.Reporter.reportStep(Reporter.java:20)
	at wrappers.GenericWrappers.takeSnap(GenericWrappers.java:577)
	at utils.Reporter.reportStep(Reporter.java:20)
	at wrappers.GenericWrappers.takeSnap(GenericWrappers.java:577)
	at utils.Reporter.reportStep(Reporter.java:20)
	at wrappers.GenericWrappers.takeSnap(GenericWrappers.java:577)
	at utils.Reporter.reportStep(Reporter.java:20)
	at wrappers.GenericWrappers.takeSnap(GenericWrappers.java:577)
	at utils.Reporter.reportStep(Reporter.java:20)
	at wrappers.GenericWrappers.takeSnap(GenericWrappers.java:577)
	at utils.Reporter.reportStep(Reporter.java:20)
	at wrappers.GenericWrappers.takeSnap(GenericWrappers.java:577)
	at utils.Reporter.reportStep(Reporter.java:20)
	at wrappers.GenericWrappers.takeSnap(GenericWrappers.java:577)
	at utils.Reporter.reportStep(Reporter.java:20)
	at wrappers.GenericWrappers.takeSnap(GenericWrappers.java:577)
	at utils.Reporter.reportStep(Reporter.java:20)
	at wrappers.GenericWrappers.takeSnap(GenericWrappers.java:577)
	at utils.Reporter.reportStep(Reporter.java:20)
	at wrappers.GenericWrappers.takeSnap(GenericWrappers.java:577)
	at utils.Reporter.reportStep(Reporter.java:20)
	at wrappers.GenericWrappers.takeSnap(GenericWrappers.java:577)
	at utils.Reporter.reportStep(Reporter.java:20)
	at wrappers.GenericWrappers.takeSnap(GenericWrappers.java:577)
	at utils.Reporter.reportStep(Reporter.java:20)
	at wrappers.GenericWrappers.takeSnap(GenericWrappers.java:577)
	at utils.Reporter.reportStep(Reporter.java:20)
	at wrappers.GenericWrappers.takeSnap(GenericWrappers.java:577)
	at utils.Reporter.reportStep(Reporter.java:20)
	at wrappers.GenericWrappers.takeSnap(GenericWrappers.java:577)
	at utils.Reporter.reportStep(Reporter.java:20)
	at wrappers.GenericWrappers.takeSnap(GenericWrappers.java:577)
	at utils.Reporter.reportStep(Reporter.java:20)
	at wrappers.GenericWrappers.takeSnap(GenericWrappers.java:577)
	at utils.Reporter.reportStep(Reporter.java:20)
	at wrappers.GenericWrappers.takeSnap(GenericWrappers.java:577)
	at utils.Reporter.reportStep(Reporter.java:20)
	at wrappers.GenericWrappers.takeSnap(GenericWrappers.java:577)
	at utils.Reporter.reportStep(Reporter.java:20)
	at wrappers.GenericWrappers.takeSnap(GenericWrappers.java:577)
	at utils.Reporter.reportStep(Reporter.java:20)
	at wrappers.GenericWrappers.takeSnap(GenericWrappers.java:577)
	at utils.Reporter.reportStep(Reporter.java:20)
	at wrappers.GenericWrappers.takeSnap(GenericWrappers.java:577)
	at utils.Reporter.reportStep(Reporter.java:20)
	at wrappers.GenericWrappers.takeSnap(GenericWrappers.java:577)
	at utils.Reporter.reportStep(Reporter.java:20)
	at wrappers.GenericWrappers.takeSnap(GenericWrappers.java:577)
	at utils.Reporter.reportStep(Reporter.java:20)
	at wrappers.GenericWrappers.takeSnap(GenericWrappers.java:577)
	at utils.Reporter.reportStep(Reporter.java:20)
	at wrappers.GenericWrappers.takeSnap(GenericWrappers.java:577)
	at utils.Reporter.reportStep(Reporter.java:20)
	at wrappers.GenericWrappers.takeSnap(GenericWrappers.java:577)
	at utils.Reporter.reportStep(Reporter.java:20)
	at wrappers.GenericWrappers.takeSnap(GenericWrappers.java:577)
	at utils.Reporter.reportStep(Reporter.java:20)
	at wrappers.GenericWrappers.takeSnap(GenericWrappers.java:577)
	at utils.Reporter.reportStep(Reporter.java:20)
	at wrappers.GenericWrappers.takeSnap(GenericWrappers.java:577)
	at utils.Reporter.reportStep(Reporter.java:20)
	at wrappers.GenericWrappers.takeSnap(GenericWrappers.java:577)
	at utils.Reporter.reportStep(Reporter.java:20)
	at wrappers.GenericWrappers.takeSnap(GenericWrappers.java:577)
	at utils.Reporter.reportStep(Reporter.java:20)
	at wrappers.GenericWrappers.takeSnap(GenericWrappers.java:577)
	at utils.Reporter.reportStep(Reporter.java:20)
	at wrappers.GenericWrappers.takeSnap(GenericWrappers.java:577)
	at utils.Reporter.reportStep(Reporter.java:20)
	at wrappers.GenericWrappers.takeSnap(GenericWrappers.java:577)
	at utils.Reporter.reportStep(Reporter.java:20)
	at wrappers.GenericWrappers.takeSnap(GenericWrappers.java:577)
	at utils.Reporter.reportStep(Reporter.java:20)
	at wrappers.GenericWrappers.takeSnap(GenericWrappers.java:577)
	at utils.Reporter.reportStep(Reporter.java:20)
	at wrappers.GenericWrappers.takeSnap(GenericWrappers.java:577)
	at utils.Reporter.reportStep(Reporter.java:20)
	at wrappers.GenericWrappers.takeSnap(GenericWrappers.java:577)
	at utils.Reporter.reportStep(Reporter.java:20)
	at wrappers.GenericWrappers.takeSnap(GenericWrappers.java:577)
	at utils.Reporter.reportStep(Reporter.java:20)
	at wrappers.GenericWrappers.takeSnap(GenericWrappers.java:577)
	at utils.Reporter.reportStep(Reporter.java:20)
	at wrappers.GenericWrappers.takeSnap(GenericWrappers.java:577)
	at utils.Reporter.reportStep(Reporter.java:20)
	at wrappers.GenericWrappers.takeSnap(GenericWrappers.java:577)
	at utils.Reporter.reportStep(Reporter.java:20)
	at wrappers.GenericWrappers.takeSnap(GenericWrappers.java:577)
	at utils.Reporter.reportStep(Reporter.java:20)
	at wrappers.GenericWrappers.takeSnap(GenericWrappers.java:577)
	at utils.Reporter.reportStep(Reporter.java:20)
	at wrappers.GenericWrappers.takeSnap(GenericWrappers.java:577)
	at utils.Reporter.reportStep(Reporter.java:20)
	at wrappers.GenericWrappers.takeSnap(GenericWrappers.java:577)
	at utils.Reporter.reportStep(Reporter.java:20)
	at wrappers.GenericWrappers.takeSnap(GenericWrappers.java:577)
	at utils.Reporter.reportStep(Reporter.java:20)
	at wrappers.GenericWrappers.takeSnap(GenericWrappers.java:577)
	at utils.Reporter.reportStep(Reporter.java:20)
	at wrappers.GenericWrappers.takeSnap(GenericWrappers.java:577)
	at utils.Reporter.reportStep(Reporter.java:20)
	at wrappers.GenericWrappers.takeSnap(GenericWrappers.java:577)
	at utils.Reporter.reportStep(Reporter.java:20)
	at wrappers.GenericWrappers.takeSnap(GenericWrappers.java:577)
	at utils.Reporter.reportStep(Reporter.java:20)
	at wrappers.GenericWrappers.takeSnap(GenericWrappers.java:577)
	at utils.Reporter.reportStep(Reporter.java:20)
	at wrappers.GenericWrappers.takeSnap(GenericWrappers.java:577)
	at utils.Reporter.reportStep(Reporter.java:20)
	at wrappers.GenericWrappers.takeSnap(GenericWrappers.java:577)
	at utils.Reporter.reportStep(Reporter.java:20)
	at wrappers.GenericWrappers.takeSnap(GenericWrappers.java:577)
	at utils.Reporter.reportStep(Reporter.java:20)
	at wrappers.GenericWrappers.takeSnap(GenericWrappers.java:577)
	at utils.Reporter.reportStep(Reporter.java:20)
	at wrappers.GenericWrappers.takeSnap(GenericWrappers.java:577)
	at utils.Reporter.reportStep(Reporter.java:20)
	at wrappers.GenericWrappers.takeSnap(GenericWrappers.java:577)
	at utils.Reporter.reportStep(Reporter.java:20)
	at wrappers.GenericWrappers.takeSnap(GenericWrappers.java:577)
	at utils.Reporter.reportStep(Reporter.java:20)
	at wrappers.GenericWrappers.takeSnap(GenericWrappers.java:577)
	at utils.Reporter.reportStep(Reporter.java:20)
	at wrappers.GenericWrappers.takeSnap(GenericWrappers.java:577)
	at utils.Reporter.reportStep(Reporter.java:20)
	at wrappers.GenericWrappers.takeSnap(GenericWrappers.java:577)
	at utils.Reporter.reportStep(Reporter.java:20)
	at wrappers.GenericWrappers.takeSnap(GenericWrappers.java:577)
	at utils.Reporter.reportStep(Reporter.java:20)
	at wrappers.GenericWrappers.takeSnap(GenericWrappers.java:577)
	at utils.Reporter.reportStep(Reporter.java:20)
	at wrappers.GenericWrappers.takeSnap(GenericWrappers.java:577)
	at utils.Reporter.reportStep(Reporter.java:20)
	at wrappers.GenericWrappers.takeSnap(GenericWrappers.java:577)
	at utils.Reporter.reportStep(Reporter.java:20)
	at wrappers.GenericWrappers.takeSnap(GenericWrappers.java:577)
	at utils.Reporter.reportStep(Reporter.java:20)
	at wrappers.GenericWrappers.takeSnap(GenericWrappers.java:577)
	at utils.Reporter.reportStep(Reporter.java:20)
	at wrappers.GenericWrappers.takeSnap(GenericWrappers.java:577)
	at utils.Reporter.reportStep(Reporter.java:20)
	at wrappers.GenericWrappers.takeSnap(GenericWrappers.java:577)
	at utils.Reporter.reportStep(Reporter.java:20)
	at wrappers.GenericWrappers.takeSnap(GenericWrappers.java:577)
	at utils.Reporter.reportStep(Reporter.java:20)
	at wrappers.GenericWrappers.takeSnap(GenericWrappers.java:577)
	at utils.Reporter.reportStep(Reporter.java:20)
	at wrappers.GenericWrappers.takeSnap(GenericWrappers.java:577)
	at utils.Reporter.reportStep(Reporter.java:20)
	at wrappers.GenericWrappers.takeSnap(GenericWrappers.java:577)
	at utils.Reporter.reportStep(Reporter.java:20)
	at wrappers.GenericWrappers.takeSnap(GenericWrappers.java:577)
	at utils.Reporter.reportStep(Reporter.java:20)
	at wrappers.GenericWrappers.takeSnap(GenericWrappers.java:577)
	at utils.Reporter.reportStep(Reporter.java:20)
	at wrappers.GenericWrappers.takeSnap(GenericWrappers.java:577)
	at utils.Reporter.reportStep(Reporter.java:20)
	at wrappers.GenericWrappers.takeSnap(GenericWrappers.java:577)
	at utils.Reporter.reportStep(Reporter.java:20)
	at wrappers.GenericWrappers.takeSnap(GenericWrappers.java:577)
	at utils.Reporter.reportStep(Reporter.java:20)
	at wrappers.GenericWrappers.takeSnap(GenericWrappers.java:577)
	at utils.Reporter.reportStep(Reporter.java:20)
	at wrappers.GenericWrappers.takeSnap(GenericWrappers.java:577)
	at utils.Reporter.reportStep(Reporter.java:20)
	at wrappers.GenericWrappers.takeSnap(GenericWrappers.java:577)
	at utils.Reporter.reportStep(Reporter.java:20)
	at wrappers.GenericWrappers.takeSnap(GenericWrappers.java:577)
	at utils.Reporter.reportStep(Reporter.java:20)
	at wrappers.GenericWrappers.takeSnap(GenericWrappers.java:577)
	at utils.Reporter.reportStep(Reporter.java:20)
	at wrappers.GenericWrappers.takeSnap(GenericWrappers.java:577)
	at utils.Reporter.reportStep(Reporter.java:20)
	at wrappers.GenericWrappers.takeSnap(GenericWrappers.java:577)
	at utils.Reporter.reportStep(Reporter.java:20)
	at wrappers.GenericWrappers.takeSnap(GenericWrappers.java:577)
	at utils.Reporter.reportStep(Reporter.java:20)
	at wrappers.GenericWrappers.takeSnap(GenericWrappers.java:577)
	at utils.Reporter.reportStep(Reporter.java:20)
	at wrappers.GenericWrappers.takeSnap(GenericWrappers.java:577)
	at utils.Reporter.reportStep(Reporter.java:20)
	at wrappers.GenericWrappers.takeSnap(GenericWrappers.java:577)
	at utils.Reporter.reportStep(Reporter.java:20)
	at wrappers.GenericWrappers.takeSnap(GenericWrappers.java:577)
	at utils.Reporter.reportStep(Reporter.java:20)
	at wrappers.GenericWrappers.takeSnap(GenericWrappers.java:577)
	at utils.Reporter.reportStep(Reporter.java:20)
	at wrappers.GenericWrappers.takeSnap(GenericWrappers.java:577)
	at utils.Reporter.reportStep(Reporter.java:20)
	at wrappers.GenericWrappers.takeSnap(GenericWrappers.java:577)
	at utils.Reporter.reportStep(Reporter.java:20)
	at wrappers.GenericWrappers.takeSnap(GenericWrappers.java:577)
	at utils.Reporter.reportStep(Reporter.java:20)
	at wrappers.GenericWrappers.takeSnap(GenericWrappers.java:577)
	at utils.Reporter.reportStep(Reporter.java:20)
	at wrappers.GenericWrappers.takeSnap(GenericWrappers.java:577)
	at utils.Reporter.reportStep(Reporter.java:20)
	at wrappers.GenericWrappers.takeSnap(GenericWrappers.java:577)
	at utils.Reporter.reportStep(Reporter.java:20)
	at wrappers.GenericWrappers.takeSnap(GenericWrappers.java:577)
	at utils.Reporter.reportStep(Reporter.java:20)
	at wrappers.GenericWrappers.takeSnap(GenericWrappers.java:577)
	at utils.Reporter.reportStep(Reporter.java:20)
	at wrappers.GenericWrappers.takeSnap(GenericWrappers.java:577)
	at utils.Reporter.reportStep(Reporter.java:20)
	at wrappers.GenericWrappers.takeSnap(GenericWrappers.java:577)
	at utils.Reporter.reportStep(Reporter.java:20)
	at wrappers.GenericWrappers.takeSnap(GenericWrappers.java:577)
	at utils.Reporter.reportStep(Reporter.java:20)
	at wrappers.GenericWrappers.takeSnap(GenericWrappers.java:577)
	at utils.Reporter.reportStep(Reporter.java:20)
	at wrappers.GenericWrappers.takeSnap(GenericWrappers.java:577)
	at utils.Reporter.reportStep(Reporter.java:20)
	at wrappers.GenericWrappers.takeSnap(GenericWrappers.java:577)
	at utils.Reporter.reportStep(Reporter.java:20)
	at wrappers.GenericWrappers.takeSnap(GenericWrappers.java:577)
	at utils.Reporter.reportStep(Reporter.java:20)
	at wrappers.GenericWrappers.takeSnap(GenericWrappers.java:577)
	at utils.Reporter.reportStep(Reporter.java:20)
	at wrappers.GenericWrappers.takeSnap(GenericWrappers.java:577)
	at utils.Reporter.reportStep(Reporter.java:20)
	at wrappers.GenericWrappers.takeSnap(GenericWrappers.java:577)
	at utils.Reporter.reportStep(Reporter.java:20)
	at wrappers.GenericWrappers.takeSnap(GenericWrappers.java:577)
	at utils.Reporter.reportStep(Reporter.java:20)
	at wrappers.GenericWrappers.takeSnap(GenericWrappers.java:577)
	at utils.Reporter.reportStep(Reporter.java:20)
	at wrappers.GenericWrappers.takeSnap(GenericWrappers.java:577)
	at utils.Reporter.reportStep(Reporter.java:20)
	at wrappers.GenericWrappers.takeSnap(GenericWrappers.java:577)
	at utils.Reporter.reportStep(Reporter.java:20)
	at wrappers.GenericWrappers.takeSnap(GenericWrappers.java:577)
	at utils.Reporter.reportStep(Reporter.java:20)
	at wrappers.GenericWrappers.takeSnap(GenericWrappers.java:577)
	at utils.Reporter.reportStep(Reporter.java:20)
	at wrappers.GenericWrappers.takeSnap(GenericWrappers.java:577)
	at utils.Reporter.reportStep(Reporter.java:20)
	at wrappers.GenericWrappers.takeSnap(GenericWrappers.java:577)
	at utils.Reporter.reportStep(Reporter.java:20)
	at wrappers.GenericWrappers.takeSnap(GenericWrappers.java:577)
	at utils.Reporter.reportStep(Reporter.java:20)
	at wrappers.GenericWrappers.takeSnap(GenericWrappers.java:577)
	at utils.Reporter.reportStep(Reporter.java:20)
	at wrappers.GenericWrappers.takeSnap(GenericWrappers.java:577)
	at utils.Reporter.reportStep(Reporter.java:20)
	at wrappers.GenericWrappers.takeSnap(GenericWrappers.java:577)
	at utils.Reporter.reportStep(Reporter.java:20)
	at wrappers.GenericWrappers.takeSnap(GenericWrappers.java:577)
	at utils.Reporter.reportStep(Reporter.java:20)
	at wrappers.GenericWrappers.takeSnap(GenericWrappers.java:577)
	at utils.Reporter.reportStep(Reporter.java:20)
	at wrappers.GenericWrappers.takeSnap(GenericWrappers.java:577)
	at utils.Reporter.reportStep(Reporter.java:20)
	at wrappers.GenericWrappers.takeSnap(GenericWrappers.java:577)
	at utils.Reporter.reportStep(Reporter.java:20)
	at wrappers.GenericWrappers.takeSnap(GenericWrappers.java:577)
	at utils.Reporter.reportStep(Reporter.java:20)
	at wrappers.GenericWrappers.takeSnap(GenericWrappers.java:577)
	at utils.Reporter.reportStep(Reporter.java:20)
	at wrappers.GenericWrappers.takeSnap(GenericWrappers.java:577)
	at utils.Reporter.reportStep(Reporter.java:20)
	at wrappers.GenericWrappers.takeSnap(GenericWrappers.java:577)
	at utils.Reporter.reportStep(Reporter.java:20)
	at wrappers.GenericWrappers.takeSnap(GenericWrappers.java:577)
	at utils.Reporter.reportStep(Reporter.java:20)
	at wrappers.GenericWrappers.takeSnap(GenericWrappers.java:577)
	at utils.Reporter.reportStep(Reporter.java:20)
	at wrappers.GenericWrappers.takeSnap(GenericWrappers.java:577)
	at utils.Reporter.reportStep(Reporter.java:20)
	at wrappers.GenericWrappers.takeSnap(GenericWrappers.java:577)
	at utils.Reporter.reportStep(Reporter.java:20)
	at wrappers.GenericWrappers.takeSnap(GenericWrappers.java:577)
	at utils.Reporter.reportStep(Reporter.java:20)
	at wrappers.GenericWrappers.takeSnap(GenericWrappers.java:577)
	at utils.Reporter.reportStep(Reporter.java:20)
	at wrappers.GenericWrappers.takeSnap(GenericWrappers.java:577)
	at utils.Reporter.reportStep(Reporter.java:20)
	at wrappers.GenericWrappers.takeSnap(GenericWrappers.java:577)
	at utils.Reporter.reportStep(Reporter.java:20)
	at wrappers.GenericWrappers.takeSnap(GenericWrappers.java:577)
	at utils.Reporter.reportStep(Reporter.java:20)
	at wrappers.GenericWrappers.takeSnap(GenericWrappers.java:577)
	at utils.Reporter.reportStep(Reporter.java:20)
	at wrappers.GenericWrappers.takeSnap(GenericWrappers.java:577)
	at utils.Reporter.reportStep(Reporter.java:20)
	at wrappers.GenericWrappers.takeSnap(GenericWrappers.java:577)
	at utils.Reporter.reportStep(Reporter.java:20)
	at wrappers.GenericWrappers.takeSnap(GenericWrappers.java:577)
	at utils.Reporter.reportStep(Reporter.java:20)
	at wrappers.GenericWrappers.takeSnap(GenericWrappers.java:577)
	at utils.Reporter.reportStep(Reporter.java:20)
	at wrappers.GenericWrappers.takeSnap(GenericWrappers.java:577)
	at utils.Reporter.reportStep(Reporter.java:20)
	at wrappers.GenericWrappers.takeSnap(GenericWrappers.java:577)
	at utils.Reporter.reportStep(Reporter.java:20)
	at wrappers.GenericWrappers.takeSnap(GenericWrappers.java:577)
	at utils.Reporter.reportStep(Reporter.java:20)
	at wrappers.GenericWrappers.takeSnap(GenericWrappers.java:577)
	at utils.Reporter.reportStep(Reporter.java:20)
	at wrappers.GenericWrappers.takeSnap(GenericWrappers.java:577)
	at utils.Reporter.reportStep(Reporter.java:20)
	at wrappers.GenericWrappers.takeSnap(GenericWrappers.java:577)
	at utils.Reporter.reportStep(Reporter.java:20)
	at wrappers.GenericWrappers.takeSnap(GenericWrappers.java:577)
	at utils.Reporter.reportStep(Reporter.java:20)
	at wrappers.GenericWrappers.takeSnap(GenericWrappers.java:577)
	at utils.Reporter.reportStep(Reporter.java:20)
	at wrappers.GenericWrappers.takeSnap(GenericWrappers.java:577)
	at utils.Reporter.reportStep(Reporter.java:20)
	at wrappers.GenericWrappers.takeSnap(GenericWrappers.java:577)
	at utils.Reporter.reportStep(Reporter.java:20)
	at wrappers.GenericWrappers.takeSnap(GenericWrappers.java:577)
	at utils.Reporter.reportStep(Reporter.java:20)
	at wrappers.GenericWrappers.takeSnap(GenericWrappers.java:577)
	at utils.Reporter.reportStep(Reporter.java:20)
	at wrappers.GenericWrappers.takeSnap(GenericWrappers.java:577)
	at utils.Reporter.reportStep(Reporter.java:20)
	at wrappers.GenericWrappers.takeSnap(GenericWrappers.java:577)
	at utils.Reporter.reportStep(Reporter.java:20)
	at wrappers.GenericWrappers.takeSnap(GenericWrappers.java:577)
	at utils.Reporter.reportStep(Reporter.java:20)
	at wrappers.GenericWrappers.takeSnap(GenericWrappers.java:577)
	at utils.Reporter.reportStep(Reporter.java:20)
	at wrappers.GenericWrappers.takeSnap(GenericWrappers.java:577)
	at utils.Reporter.reportStep(Reporter.java:20)
	at wrappers.GenericWrappers.takeSnap(GenericWrappers.java:577)
	at utils.Reporter.reportStep(Reporter.java:20)
	at wrappers.GenericWrappers.takeSnap(GenericWrappers.java:577)
	at utils.Reporter.reportStep(Reporter.java:20)
	at wrappers.GenericWrappers.takeSnap(GenericWrappers.java:577)
	at utils.Reporter.reportStep(Reporter.java:20)
	at wrappers.GenericWrappers.takeSnap(GenericWrappers.java:577)
	at utils.Reporter.reportStep(Reporter.java:20)
	at wrappers.GenericWrappers.takeSnap(GenericWrappers.java:577)
	at utils.Reporter.reportStep(Reporter.java:20)
	at wrappers.GenericWrappers.takeSnap(GenericWrappers.java:577)
	at utils.Reporter.reportStep(Reporter.java:20)
	at wrappers.GenericWrappers.takeSnap(GenericWrappers.java:577)
	at utils.Reporter.reportStep(Reporter.java:20)
	at wrappers.GenericWrappers.takeSnap(GenericWrappers.java:577)
	at utils.Reporter.reportStep(Reporter.java:20)
	at wrappers.GenericWrappers.takeSnap(GenericWrappers.java:577)
	at utils.Reporter.reportStep(Reporter.java:20)
	at wrappers.GenericWrappers.takeSnap(GenericWrappers.java:577)
	at utils.Reporter.reportStep(Reporter.java:20)
	at wrappers.GenericWrappers.takeSnap(GenericWrappers.java:577)
	at utils.Reporter.reportStep(Reporter.java:20)
	at wrappers.GenericWrappers.takeSnap(GenericWrappers.java:577)
	at utils.Reporter.reportStep(Reporter.java:20)
	at wrappers.GenericWrappers.takeSnap(GenericWrappers.java:577)
	at utils.Reporter.reportStep(Reporter.java:20)
	at wrappers.GenericWrappers.takeSnap(GenericWrappers.java:577)
	at utils.Reporter.reportStep(Reporter.java:20)
	at wrappers.GenericWrappers.takeSnap(GenericWrappers.java:577)
	at utils.Reporter.reportStep(Reporter.java:20)
	at wrappers.GenericWrappers.takeSnap(GenericWrappers.java:577)
	at utils.Reporter.reportStep(Reporter.java:20)
	at wrappers.GenericWrappers.takeSnap(GenericWrappers.java:577)
	at utils.Reporter.reportStep(Reporter.java:20)
	at wrappers.GenericWrappers.takeSnap(GenericWrappers.java:577)
	at utils.Reporter.reportStep(Reporter.java:20)
	at wrappers.GenericWrappers.takeSnap(GenericWrappers.java:577)
	at utils.Reporter.reportStep(Reporter.java:20)
	at wrappers.GenericWrappers.takeSnap(GenericWrappers.java:577)
	at utils.Reporter.reportStep(Reporter.java:20)
	at wrappers.GenericWrappers.takeSnap(GenericWrappers.java:577)
	at utils.Reporter.reportStep(Reporter.java:20)
	at wrappers.GenericWrappers.takeSnap(GenericWrappers.java:577)
	at utils.Reporter.reportStep(Reporter.java:20)
	at wrappers.GenericWrappers.takeSnap(GenericWrappers.java:577)
	at utils.Reporter.reportStep(Reporter.java:20)
	at wrappers.GenericWrappers.takeSnap(GenericWrappers.java:577)
	at utils.Reporter.reportStep(Reporter.java:20)
	at wrappers.GenericWrappers.takeSnap(GenericWrappers.java:577)
	at utils.Reporter.reportStep(Reporter.java:20)
	at wrappers.GenericWrappers.takeSnap(GenericWrappers.java:577)
	at utils.Reporter.reportStep(Reporter.java:20)
	at wrappers.GenericWrappers.takeSnap(GenericWrappers.java:577)
	at utils.Reporter.reportStep(Reporter.java:20)
	at wrappers.GenericWrappers.takeSnap(GenericWrappers.java:577)
	at utils.Reporter.reportStep(Reporter.java:20)
	at wrappers.GenericWrappers.takeSnap(GenericWrappers.java:577)
	at utils.Reporter.reportStep(Reporter.java:20)
	at wrappers.GenericWrappers.takeSnap(GenericWrappers.java:577)
	at utils.Reporter.reportStep(Reporter.java:20)
	at wrappers.GenericWrappers.takeSnap(GenericWrappers.java:577)
	at utils.Reporter.reportStep(Reporter.java:20)
	at wrappers.GenericWrappers.takeSnap(GenericWrappers.java:577)
	at utils.Reporter.reportStep(Reporter.java:20)
	at wrappers.GenericWrappers.takeSnap(GenericWrappers.java:577)
	at utils.Reporter.reportStep(Reporter.java:20)
	at wrappers.GenericWrappers.takeSnap(GenericWrappers.java:577)
	at utils.Reporter.reportStep(Reporter.java:20)
	at wrappers.GenericWrappers.takeSnap(GenericWrappers.java:577)
	at utils.Reporter.reportStep(Reporter.java:20)
	at wrappers.GenericWrappers.takeSnap(GenericWrappers.java:577)
	at utils.Reporter.reportStep(Reporter.java:20)
	at wrappers.GenericWrappers.takeSnap(GenericWrappers.java:577)
	at utils.Reporter.reportStep(Reporter.java:20)
	at wrappers.GenericWrappers.takeSnap(GenericWrappers.java:577)
	at utils.Reporter.reportStep(Reporter.java:20)
	at wrappers.GenericWrappers.takeSnap(GenericWrappers.java:577)
	at utils.Reporter.reportStep(Reporter.java:20)
	at wrappers.GenericWrappers.takeSnap(GenericWrappers.java:577)
	at utils.Reporter.reportStep(Reporter.java:20)
	at wrappers.GenericWrappers.takeSnap(GenericWrappers.java:577)
	at utils.Reporter.reportStep(Reporter.java:20)
	at wrappers.GenericWrappers.takeSnap(GenericWrappers.java:577)
	at utils.Reporter.reportStep(Reporter.java:20)
	at wrappers.GenericWrappers.takeSnap(GenericWrappers.java:577)
	at utils.Reporter.reportStep(Reporter.java:20)
	at wrappers.GenericWrappers.takeSnap(GenericWrappers.java:577)
	at utils.Reporter.reportStep(Reporter.java:20)
	at wrappers.GenericWrappers.takeSnap(GenericWrappers.java:577)
	at utils.Reporter.reportStep(Reporter.java:20)
	at wrappers.GenericWrappers.takeSnap(GenericWrappers.java:577)
	at utils.Reporter.reportStep(Reporter.java:20)
	at wrappers.GenericWrappers.takeSnap(GenericWrappers.java:577)
	at utils.Reporter.reportStep(Reporter.java:20)
	at wrappers.GenericWrappers.takeSnap(GenericWrappers.java:577)
	at utils.Reporter.reportStep(Reporter.java:20)
	at wrappers.GenericWrappers.takeSnap(GenericWrappers.java:577)
	at utils.Reporter.reportStep(Reporter.java:20)
	at wrappers.GenericWrappers.takeSnap(GenericWrappers.java:577)
	at utils.Reporter.reportStep(Reporter.java:20)
	at wrappers.GenericWrappers.takeSnap(GenericWrappers.java:577)
	at utils.Reporter.reportStep(Reporter.java:20)
	at wrappers.GenericWrappers.takeSnap(GenericWrappers.java:577)
	at utils.Reporter.reportStep(Reporter.java:20)
	at wrappers.GenericWrappers.takeSnap(GenericWrappers.java:577)
	at utils.Reporter.reportStep(Reporter.java:20)
	at wrappers.GenericWrappers.takeSnap(GenericWrappers.java:577)
	at utils.Reporter.reportStep(Reporter.java:20)
	at wrappers.GenericWrappers.takeSnap(GenericWrappers.java:577)
	at utils.Reporter.reportStep(Reporter.java:20)
	at wrappers.GenericWrappers.takeSnap(GenericWrappers.java:577)
	at utils.Reporter.reportStep(Reporter.java:20)
	at wrappers.GenericWrappers.takeSnap(GenericWrappers.java:577)
	at utils.Reporter.reportStep(Reporter.java:20)
	at wrappers.GenericWrappers.takeSnap(GenericWrappers.java:577)
	at utils.Reporter.reportStep(Reporter.java:20)
	at wrappers.GenericWrappers.takeSnap(GenericWrappers.java:577)
	at utils.Reporter.reportStep(Reporter.java:20)
	at wrappers.GenericWrappers.takeSnap(GenericWrappers.java:577)
	at utils.Reporter.reportStep(Reporter.java:20)
	at wrappers.GenericWrappers.takeSnap(GenericWrappers.java:577)
	at utils.Reporter.reportStep(Reporter.java:20)
	at wrappers.GenericWrappers.takeSnap(GenericWrappers.java:577)
	at utils.Reporter.reportStep(Reporter.java:20)
	at wrappers.GenericWrappers.takeSnap(GenericWrappers.java:577)
	at utils.Reporter.reportStep(Reporter.java:20)
	at wrappers.GenericWrappers.takeSnap(GenericWrappers.java:577)
	at utils.Reporter.reportStep(Reporter.java:20)
	at wrappers.GenericWrappers.takeSnap(GenericWrappers.java:577)
	at utils.Reporter.reportStep(Reporter.java:20)
	at wrappers.GenericWrappers.takeSnap(GenericWrappers.java:577)
	at utils.Reporter.reportStep(Reporter.java:20)
	at wrappers.GenericWrappers.takeSnap(GenericWrappers.java:577)
	at utils.Reporter.reportStep(Reporter.java:20)
	at wrappers.GenericWrappers.takeSnap(GenericWrappers.java:577)
	at utils.Reporter.reportStep(Reporter.java:20)
	at wrappers.GenericWrappers.takeSnap(GenericWrappers.java:577)
	at utils.Reporter.reportStep(Reporter.java:20)
	at wrappers.GenericWrappers.takeSnap(GenericWrappers.java:577)
	at utils.Reporter.reportStep(Reporter.java:20)
	at wrappers.GenericWrappers.takeSnap(GenericWrappers.java:577)
	at utils.Reporter.reportStep(Reporter.java:20)
	at wrappers.GenericWrappers.takeSnap(GenericWrappers.java:577)
	at utils.Reporter.reportStep(Reporter.java:20)
	at wrappers.GenericWrappers.takeSnap(GenericWrappers.java:577)
	at utils.Reporter.reportStep(Reporter.java:20)
	at wrappers.GenericWrappers.takeSnap(GenericWrappers.java:577)
	at utils.Reporter.reportStep(Reporter.java:20)
	at wrappers.GenericWrappers.takeSnap(GenericWrappers.java:577)
	at utils.Reporter.reportStep(Reporter.java:20)
	at wrappers.GenericWrappers.takeSnap(GenericWrappers.java:577)
	at utils.Reporter.reportStep(Reporter.java:20)
	at wrappers.GenericWrappers.takeSnap(GenericWrappers.java:577)
	at utils.Reporter.reportStep(Reporter.java:20)
	at wrappers.GenericWrappers.takeSnap(GenericWrappers.java:577)
	at utils.Reporter.reportStep(Reporter.java:20)
	at wrappers.GenericWrappers.takeSnap(GenericWrappers.java:577)
	at utils.Reporter.reportStep(Reporter.java:20)
	at wrappers.GenericWrappers.takeSnap(GenericWrappers.java:577)
	at utils.Reporter.reportStep(Reporter.java:20)
	at wrappers.GenericWrappers.takeSnap(GenericWrappers.java:577)
	at utils.Reporter.reportStep(Reporter.java:20)
	at wrappers.GenericWrappers.takeSnap(GenericWrappers.java:577)
	at utils.Reporter.reportStep(Reporter.java:20)
	at wrappers.GenericWrappers.takeSnap(GenericWrappers.java:577)
	at utils.Reporter.reportStep(Reporter.java:20)
	at wrappers.GenericWrappers.takeSnap(GenericWrappers.java:577)
	at utils.Reporter.reportStep(Reporter.java:20)
	at wrappers.GenericWrappers.takeSnap(GenericWrappers.java:577)
	at utils.Reporter.reportStep(Reporter.java:20)
	at wrappers.GenericWrappers.takeSnap(GenericWrappers.java:577)
	at utils.Reporter.reportStep(Reporter.java:20)
	at wrappers.GenericWrappers.takeSnap(GenericWrappers.java:577)
	at utils.Reporter.reportStep(Reporter.java:20)
	at wrappers.GenericWrappers.takeSnap(GenericWrappers.java:577)
	at utils.Reporter.reportStep(Reporter.java:20)
	at wrappers.GenericWrappers.takeSnap(GenericWrappers.java:577)
	at utils.Reporter.reportStep(Reporter.java:20)
	at wrappers.GenericWrappers.takeSnap(GenericWrappers.java:577)
	at utils.Reporter.reportStep(Reporter.java:20)
	at wrappers.GenericWrappers.takeSnap(GenericWrappers.java:577)
	at utils.Reporter.reportStep(Reporter.java:20)
	at wrappers.GenericWrappers.takeSnap(GenericWrappers.java:577)
	at utils.Reporter.reportStep(Reporter.java:20)
	at wrappers.GenericWrappers.takeSnap(GenericWrappers.java:577)
	at utils.Reporter.reportStep(Reporter.java:20)
	at wrappers.GenericWrappers.takeSnap(GenericWrappers.java:577)
	at utils.Reporter.reportStep(Reporter.java:20)
	at wrappers.GenericWrappers.takeSnap(GenericWrappers.java:577)
	at utils.Reporter.reportStep(Reporter.java:20)
	at wrappers.GenericWrappers.takeSnap(GenericWrappers.java:577)
	at utils.Reporter.reportStep(Reporter.java:20)
	at wrappers.GenericWrappers.takeSnap(GenericWrappers.java:577)
	at utils.Reporter.reportStep(Reporter.java:20)
	at wrappers.GenericWrappers.takeSnap(GenericWrappers.java:577)
	at utils.Reporter.reportStep(Reporter.java:20)
	at wrappers.GenericWrappers.takeSnap(GenericWrappers.java:577)
	at utils.Reporter.reportStep(Reporter.java:20)
	at wrappers.GenericWrappers.takeSnap(GenericWrappers.java:577)
	at utils.Reporter.reportStep(Reporter.java:20)
	at wrappers.GenericWrappers.takeSnap(GenericWrappers.java:577)
	at utils.Reporter.reportStep(Reporter.java:20)
	at wrappers.GenericWrappers.takeSnap(GenericWrappers.java:577)
	at utils.Reporter.reportStep(Reporter.java:20)
	at wrappers.GenericWrappers.takeSnap(GenericWrappers.java:577)
	at utils.Reporter.reportStep(Reporter.java:20)
	at wrappers.GenericWrappers.takeSnap(GenericWrappers.java:577)
	at utils.Reporter.reportStep(Reporter.java:20)
	at wrappers.GenericWrappers.takeSnap(GenericWrappers.java:577)
	at utils.Reporter.reportStep(Reporter.java:20)
	at wrappers.GenericWrappers.takeSnap(GenericWrappers.java:577)
	at utils.Reporter.reportStep(Reporter.java:20)
	at wrappers.GenericWrappers.takeSnap(GenericWrappers.java:577)
	at utils.Reporter.reportStep(Reporter.java:20)
	at wrappers.GenericWrappers.takeSnap(GenericWrappers.java:577)
	at utils.Reporter.reportStep(Reporter.java:20)
	at wrappers.GenericWrappers.takeSnap(GenericWrappers.java:577)
	at utils.Reporter.reportStep(Reporter.java:20)
	at wrappers.GenericWrappers.takeSnap(GenericWrappers.java:577)
	at utils.Reporter.reportStep(Reporter.java:20)
	at wrappers.GenericWrappers.takeSnap(GenericWrappers.java:577)
	at utils.Reporter.reportStep(Reporter.java:20)
	at wrappers.GenericWrappers.takeSnap(GenericWrappers.java:577)
	at utils.Reporter.reportStep(Reporter.java:20)
	at wrappers.GenericWrappers.takeSnap(GenericWrappers.java:577)
	at utils.Reporter.reportStep(Reporter.java:20)
	at wrappers.GenericWrappers.takeSnap(GenericWrappers.java:577)
	at utils.Reporter.reportStep(Reporter.java:20)
	at wrappers.GenericWrappers.takeSnap(GenericWrappers.java:577)
	at utils.Reporter.reportStep(Reporter.java:20)
	at wrappers.GenericWrappers.takeSnap(GenericWrappers.java:577)
	at utils.Reporter.reportStep(Reporter.java:20)
	at wrappers.GenericWrappers.takeSnap(GenericWrappers.java:577)
	at utils.Reporter.reportStep(Reporter.java:20)
	at wrappers.GenericWrappers.takeSnap(GenericWrappers.java:577)
	at utils.Reporter.reportStep(Reporter.java:20)
	at wrappers.GenericWrappers.takeSnap(GenericWrappers.java:577)
	at utils.Reporter.reportStep(Reporter.java:20)
	at wrappers.GenericWrappers.takeSnap(GenericWrappers.java:577)
	at utils.Reporter.reportStep(Reporter.java:20)
	at wrappers.GenericWrappers.takeSnap(GenericWrappers.java:577)
	at utils.Reporter.reportStep(Reporter.java:20)
	at wrappers.GenericWrappers.takeSnap(GenericWrappers.java:577)
	at utils.Reporter.reportStep(Reporter.java:20)
	at wrappers.GenericWrappers.takeSnap(GenericWrappers.java:577)
	at utils.Reporter.reportStep(Reporter.java:20)
	at wrappers.GenericWrappers.takeSnap(GenericWrappers.java:577)
	at utils.Reporter.reportStep(Reporter.java:20)
	at wrappers.GenericWrappers.takeSnap(GenericWrappers.java:577)
	at utils.Reporter.reportStep(Reporter.java:20)
	at wrappers.GenericWrappers.takeSnap(GenericWrappers.java:577)
	at utils.Reporter.reportStep(Reporter.java:20)
	at wrappers.GenericWrappers.takeSnap(GenericWrappers.java:577)
	at utils.Reporter.reportStep(Reporter.java:20)
	at wrappers.GenericWrappers.takeSnap(GenericWrappers.java:577)
	at utils.Reporter.reportStep(Reporter.java:20)
	at wrappers.GenericWrappers.takeSnap(GenericWrappers.java:577)
	at utils.Reporter.reportStep(Reporter.java:20)
	at wrappers.GenericWrappers.takeSnap(GenericWrappers.java:577)
	at utils.Reporter.reportStep(Reporter.java:20)
	at wrappers.GenericWrappers.takeSnap(GenericWrappers.java:577)
	at utils.Reporter.reportStep(Reporter.java:20)
	at wrappers.GenericWrappers.takeSnap(GenericWrappers.java:577)
	at utils.Reporter.reportStep(Reporter.java:20)
	at wrappers.GenericWrappers.takeSnap(GenericWrappers.java:577)
	at utils.Reporter.reportStep(Reporter.java:20)
	at wrappers.GenericWrappers.takeSnap(GenericWrappers.java:577)
	at utils.Reporter.reportStep(Reporter.java:20)
	at wrappers.GenericWrappers.takeSnap(GenericWrappers.java:577)
	at utils.Reporter.reportStep(Reporter.java:20)
	at wrappers.GenericWrappers.takeSnap(GenericWrappers.java:577)
	at utils.Reporter.reportStep(Reporter.java:20)
	at wrappers.GenericWrappers.takeSnap(GenericWrappers.java:577)
	at utils.Reporter.reportStep(Reporter.java:20)
	at wrappers.GenericWrappers.takeSnap(GenericWrappers.java:577)
	at utils.Reporter.reportStep(Reporter.java:20)
	at wrappers.GenericWrappers.takeSnap(GenericWrappers.java:577)
	at utils.Reporter.reportStep(Reporter.java:20)
	at wrappers.GenericWrappers.takeSnap(GenericWrappers.java:577)
	at utils.Reporter.reportStep(Reporter.java:20)
	at wrappers.GenericWrappers.takeSnap(GenericWrappers.java:577)
	at utils.Reporter.reportStep(Reporter.java:20)
	at wrappers.GenericWrappers.takeSnap(GenericWrappers.java:577)
	at utils.Reporter.reportStep(Reporter.java:20)
	at wrappers.GenericWrappers.takeSnap(GenericWrappers.java:577)
	at utils.Reporter.reportStep(Reporter.java:20)
	at wrappers.GenericWrappers.takeSnap(GenericWrappers.java:577)
	at utils.Reporter.reportStep(Reporter.java:20)
	at wrappers.GenericWrappers.takeSnap(GenericWrappers.java:577)
	at utils.Reporter.reportStep(Reporter.java:20)
	at wrappers.GenericWrappers.takeSnap(GenericWrappers.java:577)
	at utils.Reporter.reportStep(Reporter.java:20)
	at wrappers.GenericWrappers.takeSnap(GenericWrappers.java:577)
	at utils.Reporter.reportStep(Reporter.java:20)
	at wrappers.GenericWrappers.takeSnap(GenericWrappers.java:577)
	at utils.Reporter.reportStep(Reporter.java:20)
	at wrappers.GenericWrappers.takeSnap(GenericWrappers.java:577)
	at utils.Reporter.reportStep(Reporter.java:20)
	at wrappers.GenericWrappers.takeSnap(GenericWrappers.java:577)
	at utils.Reporter.reportStep(Reporter.java:20)
	at wrappers.GenericWrappers.takeSnap(GenericWrappers.java:577)
	at utils.Reporter.reportStep(Reporter.java:20)
	at wrappers.GenericWrappers.takeSnap(GenericWrappers.java:577)
	at utils.Reporter.reportStep(Reporter.java:20)
	at wrappers.GenericWrappers.takeSnap(GenericWrappers.java:577)
	at utils.Reporter.reportStep(Reporter.java:20)
	at wrappers.GenericWrappers.takeSnap(GenericWrappers.java:577)
	at utils.Reporter.reportStep(Reporter.java:20)
	at wrappers.GenericWrappers.takeSnap(GenericWrappers.java:577)
	at utils.Reporter.reportStep(Reporter.java:20)
	at wrappers.GenericWrappers.takeSnap(GenericWrappers.java:577)
	at utils.Reporter.reportStep(Reporter.java:20)
	at wrappers.GenericWrappers.takeSnap(GenericWrappers.java:577)
	at utils.Reporter.reportStep(Reporter.java:20)
	at wrappers.GenericWrappers.takeSnap(GenericWrappers.java:577)
	at utils.Reporter.reportStep(Reporter.java:20)
	at wrappers.GenericWrappers.takeSnap(GenericWrappers.java:577)
	at utils.Reporter.reportStep(Reporter.java:20)
	at wrappers.GenericWrappers.takeSnap(GenericWrappers.java:577)
	at utils.Reporter.reportStep(Reporter.java:20)
	at wrappers.GenericWrappers.takeSnap(GenericWrappers.java:577)
	at utils.Reporter.reportStep(Reporter.java:20)
	at wrappers.GenericWrappers.takeSnap(GenericWrappers.java:577)
	at utils.Reporter.reportStep(Reporter.java:20)
	at wrappers.GenericWrappers.takeSnap(GenericWrappers.java:577)
	at utils.Reporter.reportStep(Reporter.java:20)
	at wrappers.GenericWrappers.takeSnap(GenericWrappers.java:577)
	at utils.Reporter.reportStep(Reporter.java:20)
	at wrappers.GenericWrappers.takeSnap(GenericWrappers.java:577)
	at utils.Reporter.reportStep(Reporter.java:20)
	at wrappers.GenericWrappers.takeSnap(GenericWrappers.java:577)
	at utils.Reporter.reportStep(Reporter.java:20)
	at wrappers.GenericWrappers.takeSnap(GenericWrappers.java:577)
	at utils.Reporter.reportStep(Reporter.java:20)
	at wrappers.GenericWrappers.takeSnap(GenericWrappers.java:577)
	at utils.Reporter.reportStep(Reporter.java:20)
	at wrappers.GenericWrappers.takeSnap(GenericWrappers.java:577)
	at utils.Reporter.reportStep(Reporter.java:20)
	at wrappers.GenericWrappers.takeSnap(GenericWrappers.java:577)
	at utils.Reporter.reportStep(Reporter.java:20)
	at wrappers.GenericWrappers.takeSnap(GenericWrappers.java:577)
	at utils.Reporter.reportStep(Reporter.java:20)
	at wrappers.GenericWrappers.takeSnap(GenericWrappers.java:577)
	at utils.Reporter.reportStep(Reporter.java:20)
	at wrappers.GenericWrappers.takeSnap(GenericWrappers.java:577)
	at utils.Reporter.reportStep(Reporter.java:20)
	at wrappers.GenericWrappers.takeSnap(GenericWrappers.java:577)
	at utils.Reporter.reportStep(Reporter.java:20)
	at wrappers.GenericWrappers.takeSnap(GenericWrappers.java:577)
	at utils.Reporter.reportStep(Reporter.java:20)
	at wrappers.GenericWrappers.takeSnap(GenericWrappers.java:577)
	at utils.Reporter.reportStep(Reporter.java:20)
	at wrappers.GenericWrappers.takeSnap(GenericWrappers.java:577)
	at utils.Reporter.reportStep(Reporter.java:20)
	at wrappers.GenericWrappers.takeSnap(GenericWrappers.java:577)
	at utils.Reporter.reportStep(Reporter.java:20)
	at wrappers.GenericWrappers.takeSnap(GenericWrappers.java:577)
	at utils.Reporter.reportStep(Reporter.java:20)
	at wrappers.GenericWrappers.takeSnap(GenericWrappers.java:577)
	at utils.Reporter.reportStep(Reporter.java:20)
]]>
		</error>
	</testcase> <!-- login -->
</testsuite> <!-- tests_Leads.EditLead -->
