<?xml version="1.0" encoding="UTF-8"?>
<!-- Generated by org.testng.reporters.JUnitReportReporter -->
<testsuite hostname="DESKTOP-T2B4Q0J" name="tests_Leads.createLead"
	tests="1" failures="0" timestamp="25 Aug 2017 16:31:18 GMT" time="24.584"
	errors="0">
	<testcase name="login" time="24.584" classname="tests_Leads.createLead" />
</testsuite> <!-- tests_Leads.createLead -->
