<?xml version="1.0" encoding="UTF-8"?>
<!-- Generated by org.testng.reporters.JUnitReportReporter -->
<testsuite hostname="DESKTOP-T2B4Q0J" name="tests.TC02_Inprogress" tests="1" failures="0" timestamp="21 Aug 2017 03:29:16 GMT" time="29.749" errors="0">
  <testcase name="inProgess" time="29.749" classname="tests.TC02_Inprogress"/>
</testsuite> <!-- tests.TC02_Inprogress -->
